<?xml version="1.0" encoding="UTF-8"?>
<testng-results ignored="0" total="1" passed="1" failed="0" skipped="0">
  <reporter-output>
  </reporter-output>
  <suite started-at="2021-02-20T20:15:42 IST" name="Default suite" finished-at="2021-02-20T20:15:57 IST" duration-ms="14190">
    <groups>
    </groups>
    <test started-at="2021-02-20T20:15:42 IST" name="Default test" finished-at="2021-02-20T20:15:57 IST" duration-ms="14190">
      <class name="com.hashmap.FreeCRMTest">
        <test-method is-config="true" signature="setUp()[pri:0, instance:com.hashmap.FreeCRMTest@1530c739]" started-at="2021-02-20T20:15:42 IST" name="setUp" finished-at="2021-02-20T20:15:55 IST" duration-ms="13039" status="PASS">
          <reporter-output>
          </reporter-output>
        </test-method> <!-- setUp -->
        <test-method signature="loginWithCustomerUserTest()[pri:1, instance:com.hashmap.FreeCRMTest@1530c739]" started-at="2021-02-20T20:15:55 IST" name="loginWithCustomerUserTest" finished-at="2021-02-20T20:15:57 IST" duration-ms="1098" status="PASS">
          <reporter-output>
          </reporter-output>
        </test-method> <!-- loginWithCustomerUserTest -->
      </class> <!-- com.hashmap.FreeCRMTest -->
    </test> <!-- Default test -->
  </suite> <!-- Default suite -->
</testng-results>
